    Updating crates.io index
    Updating git repository `https://github.com/grafana/py-spy`
 Downloading crates ...
  Downloaded addr2line v0.25.1
  Downloaded adler2 v2.0.0
  Downloaded adler32 v1.2.0
  Downloaded ahash v0.8.12
  Downloaded aho-corasick v1.1.3
  Downloaded allocator-api2 v0.2.21
  Downloaded anstream v0.6.18
  Downloaded anstyle v1.0.10
  Downloaded anstyle-parse v0.2.6
  Downloaded anstyle-query v1.1.2
  Downloaded anyhow v1.0.100
  Downloaded arrayvec v0.7.6
  Downloaded async-channel v2.3.1
  Downloaded async-task v4.7.1
  Downloaded atomic-waker v1.1.2
  Downloaded autocfg v1.4.0
  Downloaded aws-lc-rs v1.15.2
  Downloaded aws-lc-sys v0.35.0
  Downloaded base64 v0.22.1
  Downloaded bincode v2.0.1
  Downloaded bincode_derive v2.0.1
  Downloaded bitflags v1.3.2
  Downloaded bitflags v2.9.1
  Downloaded blocking v1.6.1
  Downloaded bytemuck v1.23.0
  Downloaded bytes v1.10.1
  Downloaded cbindgen v0.28.0
  Downloaded cc v1.2.52
  Downloaded cfg-if v1.0.3
  Downloaded cfg_aliases v0.2.1
  Downloaded chrono v0.4.42
  Downloaded clap v4.5.47
  Downloaded clap_builder v4.5.47
  Downloaded clap_derive v4.5.47
  Downloaded clap_lex v0.7.4
  Downloaded cmake v0.1.57
  Downloaded colorchoice v1.0.3
  Downloaded concurrent-queue v2.5.0
  Downloaded core2 v0.4.0
  Downloaded cpp_demangle v0.4.4
  Downloaded crc32fast v1.4.2
  Downloaded crossbeam-channel v0.5.15
  Downloaded crossbeam-utils v0.8.21
  Downloaded ctrlc v3.5.0
  Downloaded dary_heap v0.3.7
  Downloaded dashmap v6.1.0
  Downloaded directories v6.0.0
  Downloaded dirs-sys v0.5.0
  Downloaded displaydoc v0.2.5
  Downloaded dunce v1.0.5
  Downloaded either v1.15.0
  Downloaded env_filter v0.1.3
  Downloaded env_logger v0.10.2
  Downloaded env_logger v0.11.8
  Downloaded equivalent v1.0.2
  Downloaded errno v0.3.12
  Downloaded event-listener v5.4.0
  Downloaded event-listener-strategy v0.5.4
  Downloaded fallible-iterator v0.3.0
  Downloaded fastrand v2.3.0
  Downloaded find-msvc-tools v0.1.7
  Downloaded flate2 v1.1.2
  Downloaded fnv v1.0.7
  Downloaded form_urlencoded v1.2.2
  Downloaded fs_extra v1.3.0
  Downloaded futures-channel v0.3.31
  Downloaded futures-core v0.3.31
  Downloaded futures-io v0.3.31
  Downloaded futures-lite v2.6.0
  Downloaded futures-sink v0.3.31
  Downloaded futures-task v0.3.31
  Downloaded futures-util v0.3.31
  Downloaded getrandom v0.2.16
  Downloaded getrandom v0.3.3
  Downloaded gimli v0.32.3
  Downloaded goblin v0.10.1
  Downloaded hashbrown v0.14.5
  Downloaded hashbrown v0.15.3
  Downloaded heck v0.4.1
  Downloaded heck v0.5.0
  Downloaded http v1.3.1
  Downloaded http-body v1.0.1
  Downloaded http-body-util v0.1.3
  Downloaded httparse v1.10.1
  Downloaded humantime v2.2.0
  Downloaded hyper v1.6.0
  Downloaded hyper-rustls v0.27.6
  Downloaded hyper-util v0.1.13
  Downloaded iana-time-zone v0.1.63
  Downloaded icu_collections v2.0.0
  Downloaded icu_locale_core v2.0.0
  Downloaded icu_normalizer v2.0.0
  Downloaded icu_normalizer_data v2.0.0
  Downloaded icu_properties v2.0.1
  Downloaded icu_properties_data v2.0.1
  Downloaded icu_provider v2.0.0
  Downloaded idna v1.1.0
  Downloaded idna_adapter v1.2.1
  Downloaded indexmap v2.9.0
  Downloaded inferno v0.12.3
  Downloaded interprocess v1.2.1
  Downloaded intmap v0.7.1
  Downloaded ipnet v2.11.0
  Downloaded iri-string v0.7.8
  Downloaded is-terminal v0.4.16
  Downloaded is_terminal_polyfill v1.70.1
  Downloaded itertools v0.14.0
  Downloaded itoa v1.0.15
  Downloaded jiff v0.2.14
  Downloaded jobserver v0.1.34
  Downloaded lazy_static v1.5.0
  Downloaded libc v0.2.177
  Downloaded libflate v2.1.0
  Downloaded libflate_lz77 v2.1.0
  Downloaded linux-raw-sys v0.9.4
  Downloaded litemap v0.8.0
  Downloaded lock_api v0.4.13
  Downloaded log v0.4.28
  Downloaded lru-slab v0.1.2
  Downloaded memchr v2.7.4
  Downloaded memmap2 v0.9.8
  Downloaded miniz_oxide v0.8.8
  Downloaded mio v1.0.4
  Downloaded names v0.14.0
  Downloaded nix v0.26.4
  Downloaded nix v0.30.1
  Downloaded num-format v0.4.4
  Downloaded num-traits v0.2.19
  Downloaded object v0.37.3
  Downloaded once_cell v1.21.3
  Downloaded openssl-probe v0.2.0
  Downloaded option-ext v0.2.0
  Downloaded parking v2.2.1
  Downloaded parking_lot_core v0.9.11
  Downloaded percent-encoding v2.3.2
  Downloaded pin-project-lite v0.2.16
  Downloaded pin-utils v0.1.0
  Downloaded piper v0.2.4
  Downloaded plain v0.2.3
  Downloaded potential_utf v0.1.2
  Downloaded ppv-lite86 v0.2.21
  Downloaded pretty_env_logger v0.5.0
  Downloaded proc-macro2 v1.0.95
  Downloaded proc-maps v0.4.0
  Downloaded prost v0.14.1
  Downloaded prost-derive v0.14.1
  Downloaded quick-xml v0.37.5
  Downloaded quinn v0.11.8
  Downloaded quinn-proto v0.11.12
  Downloaded quinn-udp v0.5.12
  Downloaded quote v1.0.40
  Downloaded rand v0.8.5
  Downloaded rand v0.9.2
  Downloaded rand_chacha v0.3.1
  Downloaded rand_chacha v0.9.0
  Downloaded rand_core v0.6.4
  Downloaded rand_core v0.9.3
  Downloaded rbspy v0.37.1
  Downloaded rbspy-ruby-structs v0.37.1
  Downloaded read-process-memory v0.1.6
  Downloaded regex v1.11.1
  Downloaded regex-automata v0.4.9
  Downloaded regex-syntax v0.8.5
  Downloaded remoteprocess v0.5.1
  Downloaded reqwest v0.13.1
  Downloaded rgb v0.8.50
  Downloaded ring v0.17.14
  Downloaded rle-decode-fast v1.0.3
  Downloaded rustc-demangle v0.1.24
  Downloaded rustc-hash v2.1.1
  Downloaded rustc_version v0.4.1
  Downloaded rustix v1.0.7
  Downloaded rustls v0.23.27
  Downloaded rustls-native-certs v0.8.3
  Downloaded rustls-pki-types v1.12.0
  Downloaded rustls-platform-verifier v0.6.2
  Downloaded rustls-webpki v0.103.3
  Downloaded ruzstd v0.8.2
  Downloaded ryu v1.0.20
  Downloaded scopeguard v1.2.0
  Downloaded scroll v0.13.0
  Downloaded scroll_derive v0.13.1
  Downloaded semver v1.0.27
  Downloaded serde v1.0.227
  Downloaded serde_core v1.0.227
  Downloaded serde_derive v1.0.227
  Downloaded serde_json v1.0.145
  Downloaded serde_spanned v0.6.8
  Downloaded serde_urlencoded v0.7.1
  Downloaded shlex v1.3.0
  Downloaded slab v0.4.9
  Downloaded smallvec v1.15.0
  Downloaded socket2 v0.5.10
  Downloaded spinning v0.1.0
  Downloaded spytools v0.3.1
  Downloaded stable_deref_trait v1.2.0
  Downloaded str_stack v0.1.0
  Downloaded strsim v0.11.1
  Downloaded subtle v2.6.1
  Downloaded syn v2.0.101
  Downloaded sync_wrapper v1.0.2
  Downloaded synstructure v0.13.2
  Downloaded tempfile v3.23.0
  Downloaded termcolor v1.4.1
  Downloaded terminal_size v0.4.3
  Downloaded thiserror v1.0.69
  Downloaded thiserror v2.0.17
  Downloaded thiserror-impl v1.0.69
  Downloaded thiserror-impl v2.0.17
  Downloaded tinystr v0.8.1
  Downloaded tinyvec v1.9.0
  Downloaded tinyvec_macros v0.1.1
  Downloaded to_method v1.1.0
  Downloaded tokio v1.45.1
  Downloaded tokio-rustls v0.26.2
  Downloaded toml v0.8.22
  Downloaded toml_datetime v0.6.9
  Downloaded toml_edit v0.22.26
  Downloaded toml_write v0.1.1
  Downloaded tower v0.5.2
  Downloaded tower-http v0.6.8
  Downloaded tower-layer v0.3.3
  Downloaded tower-service v0.3.3
  Downloaded tracing v0.1.41
  Downloaded tracing-core v0.1.33
  Downloaded try-lock v0.2.5
  Downloaded twox-hash v2.1.2
  Downloaded typed-arena v2.0.2
  Downloaded unicode-ident v1.0.18
  Downloaded untrusted v0.9.0
  Downloaded unty v0.0.4
  Downloaded url v2.5.7
  Downloaded utf8_iter v1.0.4
  Downloaded utf8parse v0.2.2
  Downloaded version_check v0.9.5
  Downloaded virtue v0.0.18
  Downloaded want v0.3.1
  Downloaded winapi v0.3.9
  Downloaded winnow v0.7.10
  Downloaded writeable v0.6.1
  Downloaded yoke v0.8.0
  Downloaded yoke-derive v0.8.0
  Downloaded zerocopy v0.8.25
  Downloaded zerofrom v0.1.6
  Downloaded zerofrom-derive v0.1.6
  Downloaded zeroize v1.8.1
  Downloaded zerotrie v0.2.2
  Downloaded zerovec v0.11.2
  Downloaded zerovec-derive v0.11.1
   Compiling proc-macro2 v1.0.95
   Compiling unicode-ident v1.0.18
   Compiling libc v0.2.177
   Compiling cfg-if v1.0.3
   Compiling memchr v2.7.4
   Compiling autocfg v1.4.0
   Compiling serde_core v1.0.227
   Compiling quote v1.0.40
   Compiling syn v2.0.101
   Compiling pin-project-lite v0.2.16
   Compiling once_cell v1.21.3
   Compiling smallvec v1.15.0
   Compiling zerocopy v0.8.25
   Compiling jobserver v0.1.34
   Compiling shlex v1.3.0
   Compiling futures-core v0.3.31
   Compiling serde v1.0.227
   Compiling stable_deref_trait v1.2.0
   Compiling find-msvc-tools v0.1.7
   Compiling cc v1.2.52
   Compiling itoa v1.0.15
   Compiling getrandom v0.3.3
   Compiling bytes v1.10.1
   Compiling cmake v0.1.57
   Compiling dunce v1.0.5
   Compiling fs_extra v1.3.0
   Compiling log v0.4.28
   Compiling aws-lc-sys v0.35.0
   Compiling crossbeam-utils v0.8.21
   Compiling futures-io v0.3.31
   Compiling slab v0.4.9
   Compiling aws-lc-rs v1.15.2
   Compiling zeroize v1.8.1
   Compiling synstructure v0.13.2
   Compiling version_check v0.9.5
   Compiling ahash v0.8.12
   Compiling socket2 v0.5.10
   Compiling mio v1.0.4
   Compiling aho-corasick v1.1.3
   Compiling regex-syntax v0.8.5
   Compiling zerofrom-derive v0.1.6
   Compiling zerofrom v0.1.6
   Compiling yoke-derive v0.8.0
   Compiling serde_derive v1.0.227
   Compiling zerovec-derive v0.11.1
   Compiling yoke v0.8.0
   Compiling displaydoc v0.2.5
   Compiling writeable v0.6.1
   Compiling litemap v0.8.0
   Compiling zerovec v0.11.2
   Compiling bitflags v2.9.1
   Compiling futures-sink v0.3.31
   Compiling fnv v1.0.7
   Compiling http v1.3.1
   Compiling tinystr v0.8.1
   Compiling icu_locale_core v2.0.0
   Compiling potential_utf v0.1.2
   Compiling zerotrie v0.2.2
   Compiling regex-automata v0.4.9
   Compiling tokio v1.45.1
   Compiling rustls-pki-types v1.12.0
   Compiling crc32fast v1.4.2
   Compiling icu_properties_data v2.0.1
   Compiling futures-task v0.3.31
   Compiling icu_normalizer_data v2.0.0
   Compiling anyhow v1.0.100
   Compiling pin-utils v0.1.0
   Compiling serde_json v1.0.145
   Compiling futures-util v0.3.31
   Compiling regex v1.11.1
   Compiling icu_provider v2.0.0
   Compiling icu_collections v2.0.0
   Compiling http-body v1.0.1
   Compiling ppv-lite86 v0.2.21
   Compiling lock_api v0.4.13
   Compiling percent-encoding v2.3.2
   Compiling httparse v1.10.1
   Compiling untrusted v0.9.0
   Compiling rustls v0.23.27
   Compiling allocator-api2 v0.2.21
   Compiling hashbrown v0.14.5
   Compiling utf8parse v0.2.2
   Compiling adler2 v2.0.0
   Compiling tower-service v0.3.3
   Compiling try-lock v0.2.5
   Compiling subtle v2.6.1
   Compiling scopeguard v1.2.0
   Compiling want v0.3.1
   Compiling anstyle-parse v0.2.6
   Compiling miniz_oxide v0.8.8
   Compiling icu_normalizer v2.0.0
   Compiling icu_properties v2.0.1
   Compiling futures-channel v0.3.31
   Compiling concurrent-queue v2.5.0
   Compiling getrandom v0.2.16
   Compiling tracing-core v0.1.33
   Compiling either v1.15.0
   Compiling cpp_demangle v0.4.4
   Compiling parking v2.2.1
   Compiling anstyle-query v1.1.2
   Compiling object v0.37.3
   Compiling hashbrown v0.15.3
   Compiling twox-hash v2.1.2
   Compiling fastrand v2.3.0
   Compiling colorchoice v1.0.3
   Compiling ryu v1.0.20
   Compiling anstyle v1.0.10
   Compiling is_terminal_polyfill v1.70.1
   Compiling equivalent v1.0.2
   Compiling rustix v1.0.7
   Compiling anstream v0.6.18
   Compiling indexmap v2.9.0
   Compiling ruzstd v0.8.2
   Compiling idna_adapter v1.2.1
   Compiling event-listener v5.4.0
   Compiling tracing v0.1.41
   Compiling itertools v0.14.0
   Compiling rand_core v0.6.4
   Compiling hyper v1.6.0
   Compiling flate2 v1.1.2
   Compiling serde_spanned v0.6.8
   Compiling toml_datetime v0.6.9
   Compiling form_urlencoded v1.2.2
   Compiling scroll_derive v0.13.1
   Compiling sync_wrapper v1.0.2
   Compiling parking_lot_core v0.9.11
   Compiling tower-layer v0.3.3
   Compiling openssl-probe v0.2.0
   Compiling proc-maps v0.4.0
   Compiling utf8_iter v1.0.4
   Compiling toml_write v0.1.1
   Compiling ipnet v2.11.0
   Compiling winnow v0.7.10
   Compiling semver v1.0.27
   Compiling clap_lex v0.7.4
   Compiling base64 v0.22.1
   Compiling cfg_aliases v0.2.1
   Compiling strsim v0.11.1
   Compiling thiserror v2.0.17
   Compiling linux-raw-sys v0.9.4
   Compiling clap_builder v4.5.47
   Compiling toml_edit v0.22.26
   Compiling nix v0.30.1
   Compiling hyper-util v0.1.13
   Compiling rustc_version v0.4.1
   Compiling scroll v0.13.0
   Compiling idna v1.1.0
   Compiling tower v0.5.2
   Compiling rustls-native-certs v0.8.3
   Compiling prost-derive v0.14.1
   Compiling rand_chacha v0.3.1
   Compiling event-listener-strategy v0.5.4
   Compiling thiserror-impl v2.0.17
   Compiling memmap2 v0.9.8
   Compiling num-traits v0.2.19
   Compiling core2 v0.4.0
   Compiling iri-string v0.7.8
   Compiling remoteprocess v0.5.1
   Compiling plain v0.2.3
   Compiling names v0.14.0
   Compiling winapi v0.3.9
   Compiling typed-arena v2.0.2
   Compiling lazy_static v1.5.0
   Compiling rustc-demangle v0.1.24
   Compiling rle-decode-fast v1.0.3
   Compiling thiserror v1.0.69
   Compiling cbindgen v0.28.0
   Compiling atomic-waker v1.1.2
   Compiling heck v0.5.0
   Compiling bitflags v1.3.2
   Compiling fallible-iterator v0.3.0
   Compiling gimli v0.32.3
   Compiling addr2line v0.25.1
   Compiling clap_derive v4.5.47
   Compiling nix v0.26.4
   Compiling piper v0.2.4
   Compiling tower-http v0.6.8
   Compiling libflate_lz77 v2.1.0
   Compiling tempfile v3.23.0
   Compiling goblin v0.10.1
   Compiling async-channel v2.3.1
   Compiling prost v0.14.1
   Compiling rand v0.8.5
   Compiling url v2.5.7
   Compiling interprocess v1.2.1
   Compiling toml v0.8.22
   Compiling clap v4.5.47
   Compiling serde_urlencoded v0.7.1
   Compiling http-body-util v0.1.3
   Compiling env_filter v0.1.3
   Compiling thiserror-impl v1.0.69
   Compiling rand_core v0.9.3
   Compiling read-process-memory v0.1.6
   Compiling futures-lite v2.6.0
   Compiling bytemuck v1.23.0
   Compiling option-ext v0.2.0
   Compiling adler32 v1.2.0
   Compiling arrayvec v0.7.6
   Compiling heck v0.4.1
   Compiling async-task v4.7.1
   Compiling dary_heap v0.3.7
   Compiling virtue v0.0.18
   Compiling jiff v0.2.14
   Compiling bincode_derive v2.0.1
   Compiling libflate v2.1.0
   Compiling blocking v1.6.1
   Compiling num-format v0.4.4
   Compiling dirs-sys v0.5.0
   Compiling rgb v0.8.50
   Compiling env_logger v0.11.8
   Compiling rand_chacha v0.9.0
   Compiling dashmap v6.1.0
   Compiling spinning v0.1.0
   Compiling crossbeam-channel v0.5.15
   Compiling is-terminal v0.4.16
   Compiling quick-xml v0.37.5
   Compiling intmap v0.7.1
   Compiling str_stack v0.1.0
   Compiling unty v0.0.4
   Compiling to_method v1.1.0
   Compiling termcolor v1.4.1
   Compiling iana-time-zone v0.1.63
   Compiling humantime v2.2.0
   Compiling inferno v0.12.3
   Compiling env_logger v0.10.2
   Compiling chrono v0.4.42
   Compiling bincode v2.0.1
   Compiling ffiruby v0.1.0 (/home/runner/work/pyroscope-rs/pyroscope-rs/pyroscope_ffi/ruby/ext/rbspy)
   Compiling spytools v0.3.1
   Compiling ctrlc v3.5.0
   Compiling rand v0.9.2
   Compiling directories v6.0.0
   Compiling terminal_size v0.4.3
   Compiling rbspy-ruby-structs v0.37.1
   Compiling pretty_env_logger v0.5.0
   Compiling rustls-webpki v0.103.3
   Compiling rbspy v0.37.1
   Compiling tokio-rustls v0.26.2
   Compiling hyper-rustls v0.27.6
   Compiling rustls-platform-verifier v0.6.2
   Compiling reqwest v0.13.1
   Compiling pyroscope v0.5.9 (/home/runner/work/pyroscope-rs/pyroscope-rs)
   Compiling ffikit v0.1.0 (/home/runner/work/pyroscope-rs/pyroscope-rs/pyroscope_ffi/ffikit)
warning: unused imports: `BackendImpl` and `BackendUninitialized`
 --> pyroscope_ffi/ruby/ext/rbspy/src/backend.rs:3:33
  |
3 |         Backend, BackendConfig, BackendImpl, BackendUninitialized, Report, Rule, Ruleset,
  |                                 ^^^^^^^^^^^  ^^^^^^^^^^^^^^^^^^^^
  |
  = note: `#[warn(unused_imports)]` (part of `#[warn(unused)]`) on by default

warning: `ffiruby` (lib) generated 1 warning (run `cargo fix --lib -p ffiruby` to apply 1 suggestion)
    Finished `dev` profile [unoptimized + debuginfo] target(s) in 1m 42s
